<?xml version="1.0" encoding="UTF-8"?>
<!-- Generated by org.testng.reporters.JUnitXMLReporter -->
<testsuite hostname="DESKTOP-3PELJCG" ignored="0" name="Test" tests="2" failures="2" timestamp="18 Nov 2020 11:46:43 GMT" time="17.51" errors="0">
  <testcase name="login" time="1.184" classname="testcases.TC001_login">
    <failure type="java.lang.IllegalArgumentException" message="Keys to send should be a not null CharSequence">
      <![CDATA[java.lang.IllegalArgumentException: Keys to send should be a not null CharSequence
at org.openqa.selenium.remote.RemoteWebElement.sendKeys(RemoteWebElement.java:97)
at org.openqa.selenium.support.pagefactory.internal.LocatingElementHandler.invoke(LocatingElementHandler.java:51)
at com.sun.proxy.$Proxy12.sendKeys(Unknown Source)
at wrappers.GenericWrapper.enterInputText(GenericWrapper.java:99)
at pages.LoginPage.enterUserName(LoginPage.java:31)
at modules.ReusableModule.login(ReusableModule.java:22)
at testcases.TC001_login.login(TC001_login.java:29)
... Removed 29 stack frames]]>
    </failure>
  </testcase> <!-- login -->
  <testcase name="login" time="0.182" classname="testcases.TC001_login">
    <failure type="java.lang.IllegalArgumentException" message="Keys to send should be a not null CharSequence">
      <![CDATA[java.lang.IllegalArgumentException: Keys to send should be a not null CharSequence
at org.openqa.selenium.remote.RemoteWebElement.sendKeys(RemoteWebElement.java:97)
at org.openqa.selenium.support.pagefactory.internal.LocatingElementHandler.invoke(LocatingElementHandler.java:51)
at com.sun.proxy.$Proxy12.sendKeys(Unknown Source)
at wrappers.GenericWrapper.enterInputText(GenericWrapper.java:99)
at pages.LoginPage.enterUserName(LoginPage.java:31)
at modules.ReusableModule.login(ReusableModule.java:22)
at testcases.TC001_login.login(TC001_login.java:29)
... Removed 29 stack frames]]>
    </failure>
  </testcase> <!-- login -->
</testsuite> <!-- Test -->
